[0m20:00:14.295839 [debug] [MainThread]: Sending event: {'category': 'dbt', 'action': 'invocation', 'label': 'start', 'context': [<snowplow_tracker.self_describing_json.SelfDescribingJson object at 0x0000025AD242CAD0>, <snowplow_tracker.self_describing_json.SelfDescribingJson object at 0x0000025AD3593ED0>, <snowplow_tracker.self_describing_json.SelfDescribingJson object at 0x0000025AD35939D0>]}


============================== 20:00:14.310235 | b27fa4b5-e548-4b8e-af81-bdf8da47615a ==============================
[0m20:00:14.310235 [info ] [MainThread]: Running with dbt=1.11.6
[0m20:00:14.310830 [debug] [MainThread]: running dbt with arguments {'version_check': 'True', 'no_print': 'None', 'static_parser': 'True', 'warn_error_options': 'WarnErrorOptionsV2(error=[], warn=[], silence=[])', 'target_path': 'None', 'printer_width': '80', 'write_json': 'True', 'empty': 'None', 'log_cache_events': 'False', 'introspect': 'True', 'cache_selected_only': 'False', 'fail_fast': 'False', 'debug': 'False', 'log_format': 'default', 'profiles_dir': 'C:\\Users\\juano\\.dbt', 'send_anonymous_usage_stats': 'True', 'quiet': 'False', 'warn_error': 'None', 'partial_parse': 'True', 'indirect_selection': 'eager', 'use_colors': 'True', 'invocation_command': 'dbt init UCI_Student_Info', 'use_experimental_parser': 'False', 'log_path': 'logs'}
[0m20:00:14.322042 [info ] [MainThread]: Creating dbt configuration folder at C:\Users\juano\.dbt
[0m20:00:14.323636 [debug] [MainThread]: Starter project path: C:\Users\juano\AppData\Local\Programs\Python\Python313\Lib\site-packages\dbt\include\starter_project
[0m20:00:14.342527 [info ] [MainThread]: 
Your new dbt project "UCI_Student_Info" was created!

For more information on how to configure the profiles.yml file,
please consult the dbt documentation here:

  https://docs.getdbt.com/docs/configure-your-profile

One more thing:

Need help? Don't hesitate to reach out to us via GitHub issues or on Slack:

  https://community.getdbt.com/

Happy modeling!

[0m20:00:14.342979 [info ] [MainThread]: Setting up your profile.
[0m22:21:37.868065 [debug] [MainThread]: Sending event: {'category': 'dbt', 'action': 'invocation', 'label': 'start', 'context': [<snowplow_tracker.self_describing_json.SelfDescribingJson object at 0x00000206639C46E0>, <snowplow_tracker.self_describing_json.SelfDescribingJson object at 0x0000020664843ED0>, <snowplow_tracker.self_describing_json.SelfDescribingJson object at 0x0000020664843C50>]}


============================== 22:21:37.871234 | 25c37874-8f83-4523-9f3c-4d9528ed3799 ==============================
[0m22:21:37.871234 [info ] [MainThread]: Running with dbt=1.11.6
[0m22:21:37.871693 [debug] [MainThread]: running dbt with arguments {'version_check': 'True', 'no_print': 'None', 'static_parser': 'True', 'target_path': 'None', 'warn_error_options': 'WarnErrorOptionsV2(error=[], warn=[], silence=[])', 'printer_width': '80', 'write_json': 'True', 'introspect': 'True', 'log_cache_events': 'False', 'empty': 'False', 'cache_selected_only': 'False', 'fail_fast': 'False', 'debug': 'False', 'log_format': 'default', 'partial_parse': 'True', 'send_anonymous_usage_stats': 'True', 'quiet': 'False', 'warn_error': 'None', 'profiles_dir': 'C:\\Users\\juano\\.dbt', 'indirect_selection': 'eager', 'use_colors': 'True', 'invocation_command': 'dbt run', 'use_experimental_parser': 'False', 'log_path': 'logs'}
[0m22:21:37.871996 [error] [MainThread]: Encountered an error:
Runtime Error
  No dbt_project.yml found at expected path C:\Users\juano\OneDrive - The University of Texas-Rio Grande Valley\CODE PROJECTS\student-success-markers\DBT\dbt_project.yml
  Verify that each entry within packages.yml (and their transitive dependencies) contains a file named dbt_project.yml
  
[0m22:21:37.872522 [debug] [MainThread]: Command `dbt run` failed at 22:21:37.872440 after 0.08 seconds
[0m22:21:37.872743 [debug] [MainThread]: Sending event: {'category': 'dbt', 'action': 'invocation', 'label': 'end', 'context': [<snowplow_tracker.self_describing_json.SelfDescribingJson object at 0x0000020664726EA0>, <snowplow_tracker.self_describing_json.SelfDescribingJson object at 0x000002066486E450>, <snowplow_tracker.self_describing_json.SelfDescribingJson object at 0x0000020665888270>]}
[0m22:21:37.872973 [debug] [MainThread]: Flushing usage events
[0m22:21:38.243415 [debug] [MainThread]: An error was encountered while trying to flush usage events
[0m22:21:56.178574 [debug] [MainThread]: Sending event: {'category': 'dbt', 'action': 'invocation', 'label': 'start', 'context': [<snowplow_tracker.self_describing_json.SelfDescribingJson object at 0x00000214AB4546E0>, <snowplow_tracker.self_describing_json.SelfDescribingJson object at 0x00000214AC2CFED0>, <snowplow_tracker.self_describing_json.SelfDescribingJson object at 0x00000214AC2CFC50>]}


============================== 22:21:56.181662 | f2ae49aa-ea0c-4093-90e6-26d4b5178f2b ==============================
[0m22:21:56.181662 [info ] [MainThread]: Running with dbt=1.11.6
[0m22:21:56.182235 [debug] [MainThread]: running dbt with arguments {'version_check': 'True', 'no_print': 'None', 'static_parser': 'True', 'target_path': 'None', 'warn_error_options': 'WarnErrorOptionsV2(error=[], warn=[], silence=[])', 'printer_width': '80', 'write_json': 'True', 'introspect': 'True', 'log_cache_events': 'False', 'empty': 'None', 'cache_selected_only': 'False', 'log_format': 'default', 'debug': 'False', 'fail_fast': 'False', 'profiles_dir': 'C:\\Users\\juano\\.dbt', 'send_anonymous_usage_stats': 'True', 'quiet': 'False', 'warn_error': 'None', 'partial_parse': 'True', 'invocation_command': 'dbt test', 'use_colors': 'True', 'indirect_selection': 'eager', 'use_experimental_parser': 'False', 'log_path': 'logs'}
[0m22:21:56.182653 [error] [MainThread]: Encountered an error:
Runtime Error
  No dbt_project.yml found at expected path C:\Users\juano\OneDrive - The University of Texas-Rio Grande Valley\CODE PROJECTS\student-success-markers\DBT\dbt_project.yml
  Verify that each entry within packages.yml (and their transitive dependencies) contains a file named dbt_project.yml
  
[0m22:21:56.183335 [debug] [MainThread]: Command `dbt test` failed at 22:21:56.183262 after 0.08 seconds
[0m22:21:56.183614 [debug] [MainThread]: Sending event: {'category': 'dbt', 'action': 'invocation', 'label': 'end', 'context': [<snowplow_tracker.self_describing_json.SelfDescribingJson object at 0x00000214AC1B6EA0>, <snowplow_tracker.self_describing_json.SelfDescribingJson object at 0x00000214AC2FA450>, <snowplow_tracker.self_describing_json.SelfDescribingJson object at 0x00000214AD318270>]}
[0m22:21:56.183898 [debug] [MainThread]: Flushing usage events
[0m22:21:56.581775 [debug] [MainThread]: An error was encountered while trying to flush usage events
